Determining if the pthread_create exist failed with the following output:
Change Dir: /home/wayne/my_study/BIT_UAV/flir_camera_ws/src/flir_camera_driver/spinnaker_camera_driver/cmake-build-debug/CMakeFiles/CMakeTmp

Run Build Command:"/usr/bin/make" "cmTC_7daff/fast"
/usr/bin/make -f CMakeFiles/cmTC_7daff.dir/build.make CMakeFiles/cmTC_7daff.dir/build
make[1]: Entering directory '/home/wayne/my_study/BIT_UAV/flir_camera_ws/src/flir_camera_driver/spinnaker_camera_driver/cmake-build-debug/CMakeFiles/CMakeTmp'
Building C object CMakeFiles/cmTC_7daff.dir/CheckSymbolExists.c.o
/usr/bin/cc    -o CMakeFiles/cmTC_7daff.dir/CheckSymbolExists.c.o   -c /home/wayne/my_study/BIT_UAV/flir_camera_ws/src/flir_camera_driver/spinnaker_camera_driver/cmake-build-debug/CMakeFiles/CMakeTmp/CheckSymbolExists.c
Linking C executable cmTC_7daff
/home/wayne/Downloads/clion-2018.2.3/bin/cmake/linux/bin/cmake -E cmake_link_script CMakeFiles/cmTC_7daff.dir/link.txt --verbose=1
/usr/bin/cc      -rdynamic CMakeFiles/cmTC_7daff.dir/CheckSymbolExists.c.o  -o cmTC_7daff 
CMakeFiles/cmTC_7daff.dir/CheckSymbolExists.c.o: In function `main':
CheckSymbolExists.c:(.text+0x16): undefined reference to `pthread_create'
collect2: error: ld returned 1 exit status
CMakeFiles/cmTC_7daff.dir/build.make:86: recipe for target 'cmTC_7daff' failed
make[1]: *** [cmTC_7daff] Error 1
make[1]: Leaving directory '/home/wayne/my_study/BIT_UAV/flir_camera_ws/src/flir_camera_driver/spinnaker_camera_driver/cmake-build-debug/CMakeFiles/CMakeTmp'
Makefile:121: recipe for target 'cmTC_7daff/fast' failed
make: *** [cmTC_7daff/fast] Error 2

File /home/wayne/my_study/BIT_UAV/flir_camera_ws/src/flir_camera_driver/spinnaker_camera_driver/cmake-build-debug/CMakeFiles/CMakeTmp/CheckSymbolExists.c:
/* */
#include <pthread.h>

int main(int argc, char** argv)
{
  (void)argv;
#ifndef pthread_create
  return ((int*)(&pthread_create))[argc];
#else
  (void)argc;
  return 0;
#endif
}

Determining if the function pthread_create exists in the pthreads failed with the following output:
Change Dir: /home/wayne/my_study/BIT_UAV/flir_camera_ws/src/flir_camera_driver/spinnaker_camera_driver/cmake-build-debug/CMakeFiles/CMakeTmp

Run Build Command:"/usr/bin/make" "cmTC_ffa39/fast"
/usr/bin/make -f CMakeFiles/cmTC_ffa39.dir/build.make CMakeFiles/cmTC_ffa39.dir/build
make[1]: Entering directory '/home/wayne/my_study/BIT_UAV/flir_camera_ws/src/flir_camera_driver/spinnaker_camera_driver/cmake-build-debug/CMakeFiles/CMakeTmp'
Building C object CMakeFiles/cmTC_ffa39.dir/CheckFunctionExists.c.o
/usr/bin/cc   -DCHECK_FUNCTION_EXISTS=pthread_create   -o CMakeFiles/cmTC_ffa39.dir/CheckFunctionExists.c.o   -c /home/wayne/Downloads/clion-2018.2.3/bin/cmake/linux/share/cmake-3.12/Modules/CheckFunctionExists.c
Linking C executable cmTC_ffa39
/home/wayne/Downloads/clion-2018.2.3/bin/cmake/linux/bin/cmake -E cmake_link_script CMakeFiles/cmTC_ffa39.dir/link.txt --verbose=1
/usr/bin/cc  -DCHECK_FUNCTION_EXISTS=pthread_create    -rdynamic CMakeFiles/cmTC_ffa39.dir/CheckFunctionExists.c.o  -o cmTC_ffa39 -lpthreads 
/usr/bin/ld: cannot find -lpthreads
collect2: error: ld returned 1 exit status
CMakeFiles/cmTC_ffa39.dir/build.make:86: recipe for target 'cmTC_ffa39' failed
make[1]: *** [cmTC_ffa39] Error 1
make[1]: Leaving directory '/home/wayne/my_study/BIT_UAV/flir_camera_ws/src/flir_camera_driver/spinnaker_camera_driver/cmake-build-debug/CMakeFiles/CMakeTmp'
Makefile:121: recipe for target 'cmTC_ffa39/fast' failed
make: *** [cmTC_ffa39/fast] Error 2


